C:\USERS\BLACK2\DESKTOP\LICENTA\LICENSE WORK1\DEBUG\LICENSE WORK1.EXE
C:\USERS\BLACK2\DESKTOP\LICENTA\LICENSE WORK1\DEBUG\LICENSE WORK1.PDB
C:\Users\Black2\Desktop\licenta\License work1\License work1\Debug\cl.command.1.tlog
C:\Users\Black2\Desktop\licenta\License work1\License work1\Debug\CL.read.1.tlog
C:\Users\Black2\Desktop\licenta\License work1\License work1\Debug\CL.write.1.tlog
C:\Users\Black2\Desktop\licenta\License work1\License work1\Debug\License work1.exe.embed.manifest
C:\USERS\BLACK2\DESKTOP\LICENTA\LICENSE WORK1\LICENSE WORK1\DEBUG\LICENSE WORK1.EXE.EMBED.MANIFEST.RES
C:\USERS\BLACK2\DESKTOP\LICENTA\LICENSE WORK1\LICENSE WORK1\DEBUG\LICENSE WORK1.EXE.INTERMEDIATE.MANIFEST
C:\USERS\BLACK2\DESKTOP\LICENTA\LICENSE WORK1\LICENSE WORK1\DEBUG\LICENSE WORK1.OBJ
C:\USERS\BLACK2\DESKTOP\LICENTA\LICENSE WORK1\LICENSE WORK1\DEBUG\LICENSE WORK1.PCH
C:\Users\Black2\Desktop\licenta\License work1\License work1\Debug\License work1.vcxprojResolveAssemblyReference.cache
C:\Users\Black2\Desktop\licenta\License work1\License work1\Debug\License work1.write.1.tlog
C:\Users\Black2\Desktop\licenta\License work1\License work1\Debug\License work1_manifest.rc
C:\Users\Black2\Desktop\licenta\License work1\License work1\Debug\link.command.1.tlog
C:\Users\Black2\Desktop\licenta\License work1\License work1\Debug\link.read.1.tlog
C:\Users\Black2\Desktop\licenta\License work1\License work1\Debug\link.write.1.tlog
C:\Users\Black2\Desktop\licenta\License work1\License work1\Debug\link-cvtres.read.1.tlog
C:\Users\Black2\Desktop\licenta\License work1\License work1\Debug\link-cvtres.write.1.tlog
C:\Users\Black2\Desktop\licenta\License work1\License work1\Debug\mt.command.1.tlog
C:\Users\Black2\Desktop\licenta\License work1\License work1\Debug\mt.read.1.tlog
C:\Users\Black2\Desktop\licenta\License work1\License work1\Debug\mt.write.1.tlog
C:\Users\Black2\Desktop\licenta\License work1\License work1\Debug\rc.command.1.tlog
C:\Users\Black2\Desktop\licenta\License work1\License work1\Debug\rc.read.1.tlog
C:\Users\Black2\Desktop\licenta\License work1\License work1\Debug\rc.write.1.tlog
C:\USERS\BLACK2\DESKTOP\LICENTA\LICENSE WORK1\LICENSE WORK1\DEBUG\STDAFX.OBJ
C:\Users\Black2\Desktop\licenta\License work1\License work1\Debug\vc100.idb
C:\USERS\BLACK2\DESKTOP\LICENTA\LICENSE WORK1\LICENSE WORK1\DEBUG\VC100.PDB
