Build started 01.07.2017 17:50:45.
     1>Project "C:\Users\Black2\Desktop\licenta\License work1\License work1\License work1.vcxproj" on node 2 (build target(s)).
     1>InitializeBuildStatus:
         Creating "Debug\License work1.unsuccessfulbuild" because "AlwaysCreate" was specified.
       ClCompile:
         All outputs are up-to-date.
         D:\programs\microsoft visual studio 10\VC\bin\CL.exe /c /I"C:\Users\Black2\Desktop\licenta\linker dependencies\include" /ZI /nologo /W3 /WX- /Od /Oy- /D WIN32 /D _DEBUG /D _CONSOLE /D _UNICODE /D UNICODE /Gm /EHsc /RTC1 /MDd /GS /fp:precise /Zc:wchar_t /Zc:forScope /Yu"StdAfx.h" /Fp"Debug\License work1.pch" /Fo"Debug\\" /Fd"Debug\vc100.pdb" /Gd /TP /analyze- /errorReport:prompt "License work1.cpp"
         License work1.cpp
     1>c:\users\black2\desktop\licenta\license work1\license work1\license work1.cpp(144): warning C4065: switch statement contains 'default' but no 'case' labels
     1>c:\users\black2\desktop\licenta\license work1\license work1\license work1.cpp(196): warning C4996: 'strcpy': This function or variable may be unsafe. Consider using strcpy_s instead. To disable deprecation, use _CRT_SECURE_NO_WARNINGS. See online help for details.
                 d:\programs\microsoft visual studio 10\vc\include\string.h(105) : see declaration of 'strcpy'
       Link:
         D:\programs\microsoft visual studio 10\VC\bin\link.exe /ERRORREPORT:PROMPT /OUT:"C:\Users\Black2\Desktop\licenta\License work1\Debug\License work1.exe" /INCREMENTAL:NO /NOLOGO /LIBPATH:"C:\Users\Black2\Desktop\licenta\linker dependencies\lib" opengl32.lib glew32.lib SDL2.lib SDL2main.lib SDL2test.lib SDL2_ttf.lib kernel32.lib user32.lib gdi32.lib winspool.lib comdlg32.lib advapi32.lib shell32.lib ole32.lib oleaut32.lib uuid.lib odbc32.lib odbccp32.lib /MANIFEST /ManifestFile:"Debug\License work1.exe.intermediate.manifest" /MANIFESTUAC:"level='asInvoker' uiAccess='false'" /DEBUG /PDB:"C:\Users\Black2\Desktop\licenta\License work1\Debug\License work1.pdb" /SUBSYSTEM:CONSOLE /TLBID:1 /DYNAMICBASE /NXCOMPAT /IMPLIB:"C:\Users\Black2\Desktop\licenta\License work1\Debug\License work1.lib" /MACHINE:X86 "Debug\License work1.obj"
         Debug\stdafx.obj
     1>License work1.obj : warning LNK4075: ignoring '/EDITANDCONTINUE' due to '/INCREMENTAL:NO' specification
         License work1.vcxproj -> C:\Users\Black2\Desktop\licenta\License work1\Debug\License work1.exe
       Manifest:
         C:\Program Files\Microsoft SDKs\Windows\v7.0A\bin\mt.exe /nologo /verbose /outputresource:"C:\Users\Black2\Desktop\licenta\License work1\Debug\License work1.exe;#1" /manifest "Debug\License work1.exe.intermediate.manifest"
       FinalizeBuildStatus:
         Deleting file "Debug\License work1.unsuccessfulbuild".
         Touching "Debug\License work1.lastbuildstate".
     1>Done Building Project "C:\Users\Black2\Desktop\licenta\License work1\License work1\License work1.vcxproj" (build target(s)).

Build succeeded.

Time Elapsed 00:00:02.26
