C:\USERS\BLACK2\DESKTOP\LICENTA\LICENSE WORK3, TEXTURING USING SHADERS\DEBUG\LICENSE WORK3, TEXTURING USING SHADERS.EXE
C:\USERS\BLACK2\DESKTOP\LICENTA\LICENSE WORK3, TEXTURING USING SHADERS\DEBUG\LICENSE WORK3, TEXTURING USING SHADERS.ILK
C:\USERS\BLACK2\DESKTOP\LICENTA\LICENSE WORK3, TEXTURING USING SHADERS\DEBUG\LICENSE WORK3, TEXTURING USING SHADERS.PDB
C:\Users\Black2\Desktop\licenta\License work3, texturing using shaders\License work3, texturing using shaders\Debug\cl.command.1.tlog
C:\Users\Black2\Desktop\licenta\License work3, texturing using shaders\License work3, texturing using shaders\Debug\CL.read.1.tlog
C:\Users\Black2\Desktop\licenta\License work3, texturing using shaders\License work3, texturing using shaders\Debug\CL.write.1.tlog
C:\USERS\BLACK2\DESKTOP\LICENTA\LICENSE WORK3, TEXTURING USING SHADERS\LICENSE WORK3, TEXTURING USING SHADERS\DEBUG\LICENSE WORK3, TEXTURING USING SHADERS.EXE.EMBED.MANIFEST
C:\USERS\BLACK2\DESKTOP\LICENTA\LICENSE WORK3, TEXTURING USING SHADERS\LICENSE WORK3, TEXTURING USING SHADERS\DEBUG\LICENSE WORK3, TEXTURING USING SHADERS.EXE.EMBED.MANIFEST.RES
C:\USERS\BLACK2\DESKTOP\LICENTA\LICENSE WORK3, TEXTURING USING SHADERS\LICENSE WORK3, TEXTURING USING SHADERS\DEBUG\LICENSE WORK3, TEXTURING USING SHADERS.EXE.INTERMEDIATE.MANIFEST
C:\USERS\BLACK2\DESKTOP\LICENTA\LICENSE WORK3, TEXTURING USING SHADERS\LICENSE WORK3, TEXTURING USING SHADERS\DEBUG\LICENSE WORK3, TEXTURING USING SHADERS.OBJ
C:\USERS\BLACK2\DESKTOP\LICENTA\LICENSE WORK3, TEXTURING USING SHADERS\LICENSE WORK3, TEXTURING USING SHADERS\DEBUG\LICENSE WORK3, TEXTURING USING SHADERS.PCH
C:\Users\Black2\Desktop\licenta\License work3, texturing using shaders\License work3, texturing using shaders\Debug\License work3, texturing using shaders.write.1.tlog
C:\Users\Black2\Desktop\licenta\License work3, texturing using shaders\License work3, texturing using shaders\Debug\License work3, texturing using shaders_manifest.rc
C:\Users\Black2\Desktop\licenta\License work3, texturing using shaders\License work3, texturing using shaders\Debug\link.3456.read.1.tlog
C:\Users\Black2\Desktop\licenta\License work3, texturing using shaders\License work3, texturing using shaders\Debug\link.3456.write.1.tlog
C:\Users\Black2\Desktop\licenta\License work3, texturing using shaders\License work3, texturing using shaders\Debug\link.3456-cvtres.read.1.tlog
C:\Users\Black2\Desktop\licenta\License work3, texturing using shaders\License work3, texturing using shaders\Debug\link.3456-cvtres.write.1.tlog
C:\Users\Black2\Desktop\licenta\License work3, texturing using shaders\License work3, texturing using shaders\Debug\link.3508.read.1.tlog
C:\Users\Black2\Desktop\licenta\License work3, texturing using shaders\License work3, texturing using shaders\Debug\link.3508.write.1.tlog
C:\Users\Black2\Desktop\licenta\License work3, texturing using shaders\License work3, texturing using shaders\Debug\link.3508-cvtres.read.1.tlog
C:\Users\Black2\Desktop\licenta\License work3, texturing using shaders\License work3, texturing using shaders\Debug\link.3508-cvtres.write.1.tlog
C:\Users\Black2\Desktop\licenta\License work3, texturing using shaders\License work3, texturing using shaders\Debug\link.command.1.tlog
C:\Users\Black2\Desktop\licenta\License work3, texturing using shaders\License work3, texturing using shaders\Debug\link.read.1.tlog
C:\Users\Black2\Desktop\licenta\License work3, texturing using shaders\License work3, texturing using shaders\Debug\link.write.1.tlog
C:\Users\Black2\Desktop\licenta\License work3, texturing using shaders\License work3, texturing using shaders\Debug\link-cvtres.read.1.tlog
C:\Users\Black2\Desktop\licenta\License work3, texturing using shaders\License work3, texturing using shaders\Debug\link-cvtres.write.1.tlog
C:\Users\Black2\Desktop\licenta\License work3, texturing using shaders\License work3, texturing using shaders\Debug\mt.command.1.tlog
C:\Users\Black2\Desktop\licenta\License work3, texturing using shaders\License work3, texturing using shaders\Debug\mt.read.1.tlog
C:\Users\Black2\Desktop\licenta\License work3, texturing using shaders\License work3, texturing using shaders\Debug\mt.write.1.tlog
C:\Users\Black2\Desktop\licenta\License work3, texturing using shaders\License work3, texturing using shaders\Debug\rc.command.1.tlog
C:\Users\Black2\Desktop\licenta\License work3, texturing using shaders\License work3, texturing using shaders\Debug\rc.read.1.tlog
C:\Users\Black2\Desktop\licenta\License work3, texturing using shaders\License work3, texturing using shaders\Debug\rc.write.1.tlog
C:\USERS\BLACK2\DESKTOP\LICENTA\LICENSE WORK3, TEXTURING USING SHADERS\LICENSE WORK3, TEXTURING USING SHADERS\DEBUG\STDAFX.OBJ
C:\Users\Black2\Desktop\licenta\License work3, texturing using shaders\License work3, texturing using shaders\Debug\vc100.idb
C:\USERS\BLACK2\DESKTOP\LICENTA\LICENSE WORK3, TEXTURING USING SHADERS\LICENSE WORK3, TEXTURING USING SHADERS\DEBUG\VC100.PDB
