Build started 16.07.2017 18:02:46.
     1>Project "C:\Users\Black2\Desktop\licenta\License work3, texturing using shaders\License work3, texturing using shaders\License work3, texturing using shaders.vcxproj" on node 2 (build target(s)).
     1>InitializeBuildStatus:
         Creating "Debug\License work3, texturing using shaders.unsuccessfulbuild" because "AlwaysCreate" was specified.
       ClCompile:
         All outputs are up-to-date.
         D:\programs\microsoft visual studio 10\VC\bin\CL.exe /c /ZI /nologo /W3 /WX- /Od /Oy- /D WIN32 /D _DEBUG /D _CONSOLE /D _UNICODE /D UNICODE /Gm /EHsc /RTC1 /MDd /GS /fp:precise /Zc:wchar_t /Zc:forScope /Yu"StdAfx.h" /Fp"Debug\License work3, texturing using shaders.pch" /Fo"Debug\\" /Fd"Debug\vc100.pdb" /Gd /TP /analyze- /errorReport:prompt "License work3, texturing using shaders.cpp"
         License work3, texturing using shaders.cpp
       ManifestResourceCompile:
         All outputs are up-to-date.
       Link:
         D:\programs\microsoft visual studio 10\VC\bin\link.exe /ERRORREPORT:PROMPT /OUT:"C:\Users\Black2\Desktop\licenta\License work3, texturing using shaders\Debug\License work3, texturing using shaders.exe" /INCREMENTAL /NOLOGO opengl32.lib SOIL.lib SDL2main.lib SDL2test.lib SDL2_ttf.lib glew32.lib glew32s.lib SDL2.lib kernel32.lib user32.lib gdi32.lib winspool.lib comdlg32.lib advapi32.lib shell32.lib ole32.lib oleaut32.lib uuid.lib odbc32.lib odbccp32.lib /MANIFEST /ManifestFile:"Debug\License work3, texturing using shaders.exe.intermediate.manifest" /MANIFESTUAC:"level='asInvoker' uiAccess='false'" /DEBUG /PDB:"C:\Users\Black2\Desktop\licenta\License work3, texturing using shaders\Debug\License work3, texturing using shaders.pdb" /SUBSYSTEM:CONSOLE /TLBID:1 /DYNAMICBASE /NXCOMPAT /IMPLIB:"C:\Users\Black2\Desktop\licenta\License work3, texturing using shaders\Debug\License work3, texturing using shaders.lib" /MACHINE:X86 "Debug\License work3, texturing using shaders.exe.embed.manifest.res"
         "Debug\License work3, texturing using shaders.obj"
         Debug\stdafx.obj
       Manifest:
         C:\Program Files\Microsoft SDKs\Windows\v7.0A\bin\mt.exe /nologo /verbose /out:"Debug\License work3, texturing using shaders.exe.embed.manifest" /manifest "Debug\License work3, texturing using shaders.exe.intermediate.manifest"
         All outputs are up-to-date.
       LinkEmbedManifest:
         All outputs are up-to-date.
         License work3, texturing using shaders.vcxproj -> C:\Users\Black2\Desktop\licenta\License work3, texturing using shaders\Debug\License work3, texturing using shaders.exe
       FinalizeBuildStatus:
         Deleting file "Debug\License work3, texturing using shaders.unsuccessfulbuild".
         Touching "Debug\License work3, texturing using shaders.lastbuildstate".
     1>Done Building Project "C:\Users\Black2\Desktop\licenta\License work3, texturing using shaders\License work3, texturing using shaders\License work3, texturing using shaders.vcxproj" (build target(s)).

Build succeeded.

Time Elapsed 00:00:02.96
