Build started 09.07.2017 00:27:54.
     1>Project "C:\Users\Black2\Desktop\licenta\License work2, textures using png pictures\License work2, textures using png pictures\License work2, textures using png pictures.vcxproj" on node 2 (build target(s)).
     1>InitializeBuildStatus:
         Creating "Debug\License work2, textures using png pictures.unsuccessfulbuild" because "AlwaysCreate" was specified.
       ClCompile:
         All outputs are up-to-date.
         D:\programs\microsoft visual studio 10\VC\bin\CL.exe /c /ZI /nologo /W3 /WX- /Od /Oy- /D WIN32 /D _DEBUG /D _CONSOLE /D _UNICODE /D UNICODE /Gm /EHsc /RTC1 /MDd /GS /fp:precise /Zc:wchar_t /Zc:forScope /Yu"StdAfx.h" /Fp"Debug\License work2, textures using png pictures.pch" /Fo"Debug\\" /Fd"Debug\vc100.pdb" /Gd /TP /analyze- /errorReport:prompt "License work2, textures using png pictures.cpp"
         License work2, textures using png pictures.cpp
     1>c:\users\black2\desktop\licenta\license work2, textures using png pictures\license work2, textures using png pictures\license work2, textures using png pictures.cpp(89): warning C4244: 'argument' : conversion from 'int' to 'GLfloat', possible loss of data
     1>c:\users\black2\desktop\licenta\license work2, textures using png pictures\license work2, textures using png pictures\license work2, textures using png pictures.cpp(89): warning C4244: 'argument' : conversion from 'int' to 'GLfloat', possible loss of data
     1>c:\users\black2\desktop\licenta\license work2, textures using png pictures\license work2, textures using png pictures\license work2, textures using png pictures.cpp(91): warning C4244: 'argument' : conversion from 'int' to 'GLfloat', possible loss of data
     1>c:\users\black2\desktop\licenta\license work2, textures using png pictures\license work2, textures using png pictures\license work2, textures using png pictures.cpp(91): warning C4244: 'argument' : conversion from 'int' to 'GLfloat', possible loss of data
     1>c:\users\black2\desktop\licenta\license work2, textures using png pictures\license work2, textures using png pictures\license work2, textures using png pictures.cpp(93): warning C4244: 'argument' : conversion from 'int' to 'GLfloat', possible loss of data
     1>c:\users\black2\desktop\licenta\license work2, textures using png pictures\license work2, textures using png pictures\license work2, textures using png pictures.cpp(93): warning C4244: 'argument' : conversion from 'int' to 'GLfloat', possible loss of data
     1>c:\users\black2\desktop\licenta\license work2, textures using png pictures\license work2, textures using png pictures\license work2, textures using png pictures.cpp(95): warning C4244: 'argument' : conversion from 'int' to 'GLfloat', possible loss of data
     1>c:\users\black2\desktop\licenta\license work2, textures using png pictures\license work2, textures using png pictures\license work2, textures using png pictures.cpp(95): warning C4244: 'argument' : conversion from 'int' to 'GLfloat', possible loss of data
       ManifestResourceCompile:
         All outputs are up-to-date.
       Link:
         D:\programs\microsoft visual studio 10\VC\bin\link.exe /ERRORREPORT:PROMPT /OUT:"C:\Users\Black2\Desktop\licenta\License work2, textures using png pictures\Debug\License work2, textures using png pictures.exe" /INCREMENTAL /NOLOGO opengl32.lib glew32.lib SDL2.lib SDL2_ttf.lib glew32s.lib SDL2main.lib SDL2test.lib SOIL.lib kernel32.lib user32.lib gdi32.lib winspool.lib comdlg32.lib advapi32.lib shell32.lib ole32.lib oleaut32.lib uuid.lib odbc32.lib odbccp32.lib /MANIFEST /ManifestFile:"Debug\License work2, textures using png pictures.exe.intermediate.manifest" /MANIFESTUAC:"level='asInvoker' uiAccess='false'" /DEBUG /PDB:"C:\Users\Black2\Desktop\licenta\License work2, textures using png pictures\Debug\License work2, textures using png pictures.pdb" /SUBSYSTEM:CONSOLE /TLBID:1 /DYNAMICBASE /NXCOMPAT /IMPLIB:"C:\Users\Black2\Desktop\licenta\License work2, textures using png pictures\Debug\License work2, textures using png pictures.lib" /MACHINE:X86 "Debug\License work2, textures using png pictures.exe.embed.manifest.res"
         "Debug\License work2, textures using png pictures.obj"
         Debug\stdafx.obj
       Manifest:
         C:\Program Files\Microsoft SDKs\Windows\v7.0A\bin\mt.exe /nologo /verbose /out:"Debug\License work2, textures using png pictures.exe.embed.manifest" /manifest "Debug\License work2, textures using png pictures.exe.intermediate.manifest"
         All outputs are up-to-date.
       LinkEmbedManifest:
         All outputs are up-to-date.
         License work2, textures using png pictures.vcxproj -> C:\Users\Black2\Desktop\licenta\License work2, textures using png pictures\Debug\License work2, textures using png pictures.exe
       FinalizeBuildStatus:
         Deleting file "Debug\License work2, textures using png pictures.unsuccessfulbuild".
         Touching "Debug\License work2, textures using png pictures.lastbuildstate".
     1>Done Building Project "C:\Users\Black2\Desktop\licenta\License work2, textures using png pictures\License work2, textures using png pictures\License work2, textures using png pictures.vcxproj" (build target(s)).

Build succeeded.

Time Elapsed 00:00:05.04
